Build started 14/10/2015 2:52:03 AM.
     1>Project "C:\Users\ChoongFoo\Documents\GitHub\doubly-linked-list\Doubly-linked-list\Doubly-linked-list\Doubly-linked-list.vcxproj" on node 2 (Build target(s)).
     1>ClCompile:
         C:\Program Files (x86)\Microsoft Visual Studio 12.0\VC\bin\CL.exe /c /ZI /nologo /W3 /WX- /Od /Oy- /D WIN32 /D _DEBUG /D _CONSOLE /D _LIB /D _UNICODE /D UNICODE /Gm /EHsc /RTC1 /MDd /GS /fp:precise /Zc:wchar_t /Zc:forScope /Fo"Debug\\" /Fd"Debug\vc120.pdb" /Gd /TC /analyze- /errorReport:prompt Main.c
         Main.c
     1>c:\users\choongfoo\documents\github\doubly-linked-list\doubly-linked-list\doubly-linked-list\main.c(26): warning C4047: 'function' : 'char *' differs in levels of indirection from 'char (*)[100]'
     1>c:\users\choongfoo\documents\github\doubly-linked-list\doubly-linked-list\doubly-linked-list\main.c(26): warning C4024: 'fgets' : different types for formal and actual parameter 1
     1>c:\users\choongfoo\documents\github\doubly-linked-list\doubly-linked-list\doubly-linked-list\main.c(29): warning C4047: 'function' : 'char *' differs in levels of indirection from 'char (*)[100]'
     1>c:\users\choongfoo\documents\github\doubly-linked-list\doubly-linked-list\doubly-linked-list\main.c(29): warning C4024: 'fgets' : different types for formal and actual parameter 1
     1>c:\users\choongfoo\documents\github\doubly-linked-list\doubly-linked-list\doubly-linked-list\main.c(32): warning C4047: 'function' : 'char *' differs in levels of indirection from 'char (*)[100]'
     1>c:\users\choongfoo\documents\github\doubly-linked-list\doubly-linked-list\doubly-linked-list\main.c(32): warning C4024: 'fgets' : different types for formal and actual parameter 1
     1>c:\users\choongfoo\documents\github\doubly-linked-list\doubly-linked-list\doubly-linked-list\main.c(35): warning C4047: 'function' : 'char *' differs in levels of indirection from 'char (*)[100]'
     1>c:\users\choongfoo\documents\github\doubly-linked-list\doubly-linked-list\doubly-linked-list\main.c(35): warning C4024: 'fgets' : different types for formal and actual parameter 1
     1>c:\users\choongfoo\documents\github\doubly-linked-list\doubly-linked-list\doubly-linked-list\main.c(38): warning C4047: 'function' : 'char *' differs in levels of indirection from 'char (*)[100]'
     1>c:\users\choongfoo\documents\github\doubly-linked-list\doubly-linked-list\doubly-linked-list\main.c(38): warning C4024: 'fgets' : different types for formal and actual parameter 1
     1>c:\users\choongfoo\documents\github\doubly-linked-list\doubly-linked-list\doubly-linked-list\main.c(101): warning C4047: '=' : 'char' differs in levels of indirection from 'char *'
     1>c:\users\choongfoo\documents\github\doubly-linked-list\doubly-linked-list\doubly-linked-list\main.c(102): warning C4047: '=' : 'char' differs in levels of indirection from 'char *'
     1>c:\users\choongfoo\documents\github\doubly-linked-list\doubly-linked-list\doubly-linked-list\main.c(103): warning C4047: '=' : 'char' differs in levels of indirection from 'char *'
     1>c:\users\choongfoo\documents\github\doubly-linked-list\doubly-linked-list\doubly-linked-list\main.c(104): warning C4047: '=' : 'char' differs in levels of indirection from 'char *'
     1>c:\users\choongfoo\documents\github\doubly-linked-list\doubly-linked-list\doubly-linked-list\main.c(105): warning C4047: '=' : 'char' differs in levels of indirection from 'char *'
     1>c:\users\choongfoo\documents\github\doubly-linked-list\doubly-linked-list\doubly-linked-list\main.c(121): warning C4996: 'scanf': This function or variable may be unsafe. Consider using scanf_s instead. To disable deprecation, use _CRT_SECURE_NO_WARNINGS. See online help for details.
                 c:\program files (x86)\microsoft visual studio 12.0\vc\include\stdio.h(283) : see declaration of 'scanf'
     1>c:\users\choongfoo\documents\github\doubly-linked-list\doubly-linked-list\doubly-linked-list\main.c(141): warning C4047: 'function' : 'char' differs in levels of indirection from 'char [100]'
     1>c:\users\choongfoo\documents\github\doubly-linked-list\doubly-linked-list\doubly-linked-list\main.c(141): warning C4024: 'display2' : different types for formal and actual parameter 1
     1>c:\users\choongfoo\documents\github\doubly-linked-list\doubly-linked-list\doubly-linked-list\main.c(141): warning C4024: 'display2' : different types for formal and actual parameter 2
     1>c:\users\choongfoo\documents\github\doubly-linked-list\doubly-linked-list\doubly-linked-list\main.c(141): warning C4024: 'display2' : different types for formal and actual parameter 3
     1>c:\users\choongfoo\documents\github\doubly-linked-list\doubly-linked-list\doubly-linked-list\main.c(141): warning C4024: 'display2' : different types for formal and actual parameter 4
     1>c:\users\choongfoo\documents\github\doubly-linked-list\doubly-linked-list\doubly-linked-list\main.c(141): warning C4024: 'display2' : different types for formal and actual parameter 5
       Link:
         C:\Program Files (x86)\Microsoft Visual Studio 12.0\VC\bin\link.exe /ERRORREPORT:PROMPT /OUT:"C:\Users\ChoongFoo\Documents\GitHub\doubly-linked-list\Doubly-linked-list\Debug\Doubly-linked-list.exe" /INCREMENTAL /NOLOGO kernel32.lib user32.lib gdi32.lib winspool.lib comdlg32.lib advapi32.lib shell32.lib ole32.lib oleaut32.lib uuid.lib odbc32.lib odbccp32.lib /MANIFEST /MANIFESTUAC:"level='asInvoker' uiAccess='false'" /manifest:embed /DEBUG /PDB:"C:\Users\ChoongFoo\Documents\GitHub\doubly-linked-list\Doubly-linked-list\Debug\Doubly-linked-list.pdb" /SUBSYSTEM:CONSOLE /TLBID:1 /DYNAMICBASE /NXCOMPAT /IMPLIB:"C:\Users\ChoongFoo\Documents\GitHub\doubly-linked-list\Doubly-linked-list\Debug\Doubly-linked-list.lib" /MACHINE:X86 Debug\Main.obj
         Doubly-linked-list.vcxproj -> C:\Users\ChoongFoo\Documents\GitHub\doubly-linked-list\Doubly-linked-list\Debug\Doubly-linked-list.exe
     1>Done Building Project "C:\Users\ChoongFoo\Documents\GitHub\doubly-linked-list\Doubly-linked-list\Doubly-linked-list\Doubly-linked-list.vcxproj" (Build target(s)).

Build succeeded.

Time Elapsed 00:00:00.29
